{"C:\\sem5\\OnlyHands_US_withUI\\OnlyHands_US_withUI\\server\\src\\app.js": {"path":"C:\\sem5\\OnlyHands_US_withUI\\OnlyHands_US_withUI\\server\\src\\app.js","statementMap":{"0":{"start":{"line":9,"column":12},"end":{"line":9,"column":21}},"1":{"start":{"line":12,"column":0},"end":{"line":15,"column":4}},"2":{"start":{"line":17,"column":0},"end":{"line":17,"column":24}},"3":{"start":{"line":18,"column":0},"end":{"line":18,"column":24}},"4":{"start":{"line":21,"column":0},"end":{"line":21,"column":33}},"5":{"start":{"line":22,"column":0},"end":{"line":22,"column":36}},"6":{"start":{"line":23,"column":0},"end":{"line":23,"column":42}},"7":{"start":{"line":24,"column":0},"end":{"line":24,"column":55}},"8":{"start":{"line":27,"column":0},"end":{"line":27,"column":62}},"9":{"start":{"line":27,"column":38},"end":{"line":27,"column":60}}},"fnMap":{"0":{"name":"(anonymous_0)","decl":{"start":{"line":27,"column":23},"end":{"line":27,"column":24}},"loc":{"start":{"line":27,"column":38},"end":{"line":27,"column":60}},"line":27}},"branchMap":{},"s":{"0":3,"1":3,"2":3,"3":3,"4":3,"5":3,"6":3,"7":3,"8":3,"9":0},"f":{"0":0},"b":{},"inputSourceMap":null,"_coverageSchema":"1a1c01bbd47fc00a2c39e90264f33305004495a9","hash":"4005c5c19fc8d1968080ac90335df535ea3f9f3f"}
,"C:\\sem5\\OnlyHands_US_withUI\\OnlyHands_US_withUI\\server\\src\\controllers\\application.controller.js": {"path":"C:\\sem5\\OnlyHands_US_withUI\\OnlyHands_US_withUI\\server\\src\\controllers\\application.controller.js","statementMap":{"0":{"start":{"line":144,"column":29},"end":{"line":175,"column":1}},"1":{"start":{"line":145,"column":2},"end":{"line":174,"column":3}},"2":{"start":{"line":146,"column":24},"end":{"line":146,"column":34}},"3":{"start":{"line":147,"column":26},"end":{"line":147,"column":34}},"4":{"start":{"line":150,"column":4},"end":{"line":150,"column":77}},"5":{"start":{"line":152,"column":4},"end":{"line":152,"column":83}},"6":{"start":{"line":152,"column":21},"end":{"line":152,"column":83}},"7":{"start":{"line":154,"column":18},"end":{"line":154,"column":47}},"8":{"start":{"line":155,"column":4},"end":{"line":155,"column":76}},"9":{"start":{"line":155,"column":16},"end":{"line":155,"column":76}},"10":{"start":{"line":156,"column":4},"end":{"line":156,"column":104}},"11":{"start":{"line":156,"column":26},"end":{"line":156,"column":104}},"12":{"start":{"line":159,"column":21},"end":{"line":159,"column":79}},"13":{"start":{"line":160,"column":4},"end":{"line":160,"column":93}},"14":{"start":{"line":160,"column":18},"end":{"line":160,"column":93}},"15":{"start":{"line":162,"column":24},"end":{"line":168,"column":6}},"16":{"start":{"line":170,"column":4},"end":{"line":170,"column":38}},"17":{"start":{"line":172,"column":4},"end":{"line":172,"column":38}},"18":{"start":{"line":173,"column":4},"end":{"line":173,"column":82}},"19":{"start":{"line":182,"column":36},"end":{"line":214,"column":1}},"20":{"start":{"line":183,"column":2},"end":{"line":213,"column":3}},"21":{"start":{"line":184,"column":24},"end":{"line":184,"column":34}},"22":{"start":{"line":185,"column":23},"end":{"line":185,"column":32}},"23":{"start":{"line":188,"column":4},"end":{"line":188,"column":90}},"24":{"start":{"line":188,"column":36},"end":{"line":188,"column":90}},"25":{"start":{"line":190,"column":18},"end":{"line":190,"column":47}},"26":{"start":{"line":191,"column":4},"end":{"line":191,"column":76}},"27":{"start":{"line":191,"column":16},"end":{"line":191,"column":76}},"28":{"start":{"line":193,"column":19},"end":{"line":193,"column":30}},"29":{"start":{"line":194,"column":4},"end":{"line":194,"column":39}},"30":{"start":{"line":194,"column":16},"end":{"line":194,"column":39}},"31":{"start":{"line":197,"column":17},"end":{"line":200,"column":13}},"32":{"start":{"line":203,"column":24},"end":{"line":207,"column":7}},"33":{"start":{"line":203,"column":39},"end":{"line":207,"column":5}},"34":{"start":{"line":209,"column":4},"end":{"line":209,"column":26}},"35":{"start":{"line":211,"column":4},"end":{"line":211,"column":41}},"36":{"start":{"line":212,"column":4},"end":{"line":212,"column":84}},"37":{"start":{"line":220,"column":34},"end":{"line":240,"column":1}},"38":{"start":{"line":221,"column":2},"end":{"line":239,"column":3}},"39":{"start":{"line":222,"column":30},"end":{"line":222,"column":40}},"40":{"start":{"line":223,"column":16},"end":{"line":223,"column":57}},"41":{"start":{"line":224,"column":4},"end":{"line":224,"column":80}},"42":{"start":{"line":224,"column":14},"end":{"line":224,"column":80}},"43":{"start":{"line":225,"column":4},"end":{"line":225,"column":96}},"44":{"start":{"line":225,"column":35},"end":{"line":225,"column":96}},"45":{"start":{"line":227,"column":18},"end":{"line":227,"column":51}},"46":{"start":{"line":228,"column":4},"end":{"line":228,"column":87}},"47":{"start":{"line":228,"column":16},"end":{"line":228,"column":87}},"48":{"start":{"line":230,"column":4},"end":{"line":230,"column":28}},"49":{"start":{"line":231,"column":4},"end":{"line":231,"column":32}},"50":{"start":{"line":232,"column":4},"end":{"line":232,"column":32}},"51":{"start":{"line":233,"column":4},"end":{"line":233,"column":21}},"52":{"start":{"line":235,"column":4},"end":{"line":235,"column":18}},"53":{"start":{"line":237,"column":4},"end":{"line":237,"column":40}},"54":{"start":{"line":238,"column":4},"end":{"line":238,"column":86}},"55":{"start":{"line":246,"column":33},"end":{"line":266,"column":1}},"56":{"start":{"line":247,"column":2},"end":{"line":265,"column":3}},"57":{"start":{"line":248,"column":30},"end":{"line":248,"column":40}},"58":{"start":{"line":249,"column":28},"end":{"line":249,"column":36}},"59":{"start":{"line":251,"column":16},"end":{"line":251,"column":57}},"60":{"start":{"line":252,"column":4},"end":{"line":252,"column":80}},"61":{"start":{"line":252,"column":14},"end":{"line":252,"column":80}},"62":{"start":{"line":253,"column":4},"end":{"line":253,"column":96}},"63":{"start":{"line":253,"column":35},"end":{"line":253,"column":96}},"64":{"start":{"line":255,"column":4},"end":{"line":255,"column":28}},"65":{"start":{"line":256,"column":4},"end":{"line":256,"column":32}},"66":{"start":{"line":257,"column":4},"end":{"line":257,"column":32}},"67":{"start":{"line":258,"column":4},"end":{"line":258,"column":33}},"68":{"start":{"line":259,"column":4},"end":{"line":259,"column":21}},"69":{"start":{"line":261,"column":4},"end":{"line":261,"column":18}},"70":{"start":{"line":263,"column":4},"end":{"line":263,"column":39}},"71":{"start":{"line":264,"column":4},"end":{"line":264,"column":85}},"72":{"start":{"line":272,"column":34},"end":{"line":287,"column":1}},"73":{"start":{"line":273,"column":2},"end":{"line":286,"column":3}},"74":{"start":{"line":274,"column":4},"end":{"line":274,"column":83}},"75":{"start":{"line":274,"column":21},"end":{"line":274,"column":83}},"76":{"start":{"line":276,"column":17},"end":{"line":279,"column":13}},"77":{"start":{"line":282,"column":4},"end":{"line":282,"column":63}},"78":{"start":{"line":282,"column":28},"end":{"line":282,"column":59}},"79":{"start":{"line":284,"column":4},"end":{"line":284,"column":40}},"80":{"start":{"line":285,"column":4},"end":{"line":285,"column":89}},"81":{"start":{"line":290,"column":35},"end":{"line":320,"column":1}},"82":{"start":{"line":291,"column":2},"end":{"line":319,"column":3}},"83":{"start":{"line":292,"column":30},"end":{"line":292,"column":40}},"84":{"start":{"line":295,"column":16},"end":{"line":298,"column":6}},"85":{"start":{"line":300,"column":4},"end":{"line":302,"column":5}},"86":{"start":{"line":301,"column":6},"end":{"line":301,"column":72}},"87":{"start":{"line":305,"column":4},"end":{"line":309,"column":5}},"88":{"start":{"line":306,"column":6},"end":{"line":308,"column":73}},"89":{"start":{"line":311,"column":4},"end":{"line":311,"column":56}},"90":{"start":{"line":313,"column":4},"end":{"line":313,"column":71}},"91":{"start":{"line":315,"column":4},"end":{"line":315,"column":39}},"92":{"start":{"line":316,"column":4},"end":{"line":318,"column":72}}},"fnMap":{"0":{"name":"(anonymous_0)","decl":{"start":{"line":144,"column":29},"end":{"line":144,"column":30}},"loc":{"start":{"line":144,"column":49},"end":{"line":175,"column":1}},"line":144},"1":{"name":"(anonymous_1)","decl":{"start":{"line":182,"column":36},"end":{"line":182,"column":37}},"loc":{"start":{"line":182,"column":56},"end":{"line":214,"column":1}},"line":182},"2":{"name":"(anonymous_2)","decl":{"start":{"line":203,"column":33},"end":{"line":203,"column":34}},"loc":{"start":{"line":203,"column":39},"end":{"line":207,"column":5}},"line":203},"3":{"name":"(anonymous_3)","decl":{"start":{"line":220,"column":34},"end":{"line":220,"column":35}},"loc":{"start":{"line":220,"column":54},"end":{"line":240,"column":1}},"line":220},"4":{"name":"(anonymous_4)","decl":{"start":{"line":246,"column":33},"end":{"line":246,"column":34}},"loc":{"start":{"line":246,"column":53},"end":{"line":266,"column":1}},"line":246},"5":{"name":"(anonymous_5)","decl":{"start":{"line":272,"column":34},"end":{"line":272,"column":35}},"loc":{"start":{"line":272,"column":54},"end":{"line":287,"column":1}},"line":272},"6":{"name":"(anonymous_6)","decl":{"start":{"line":282,"column":22},"end":{"line":282,"column":23}},"loc":{"start":{"line":282,"column":28},"end":{"line":282,"column":59}},"line":282},"7":{"name":"(anonymous_7)","decl":{"start":{"line":290,"column":35},"end":{"line":290,"column":36}},"loc":{"start":{"line":290,"column":55},"end":{"line":320,"column":1}},"line":290}},"branchMap":{"0":{"loc":{"start":{"line":147,"column":12},"end":{"line":147,"column":21}},"type":"default-arg","locations":[{"start":{"line":147,"column":19},"end":{"line":147,"column":21}}],"line":147},"1":{"loc":{"start":{"line":152,"column":4},"end":{"line":152,"column":83}},"type":"if","locations":[{"start":{"line":152,"column":4},"end":{"line":152,"column":83}},{"start":{},"end":{}}],"line":152},"2":{"loc":{"start":{"line":155,"column":4},"end":{"line":155,"column":76}},"type":"if","locations":[{"start":{"line":155,"column":4},"end":{"line":155,"column":76}},{"start":{},"end":{}}],"line":155},"3":{"loc":{"start":{"line":156,"column":4},"end":{"line":156,"column":104}},"type":"if","locations":[{"start":{"line":156,"column":4},"end":{"line":156,"column":104}},{"start":{},"end":{}}],"line":156},"4":{"loc":{"start":{"line":160,"column":4},"end":{"line":160,"column":93}},"type":"if","locations":[{"start":{"line":160,"column":4},"end":{"line":160,"column":93}},{"start":{},"end":{}}],"line":160},"5":{"loc":{"start":{"line":173,"column":36},"end":{"line":173,"column":78}},"type":"binary-expr","locations":[{"start":{"line":173,"column":36},"end":{"line":173,"column":47}},{"start":{"line":173,"column":51},"end":{"line":173,"column":78}}],"line":173},"6":{"loc":{"start":{"line":188,"column":4},"end":{"line":188,"column":90}},"type":"if","locations":[{"start":{"line":188,"column":4},"end":{"line":188,"column":90}},{"start":{},"end":{}}],"line":188},"7":{"loc":{"start":{"line":191,"column":4},"end":{"line":191,"column":76}},"type":"if","locations":[{"start":{"line":191,"column":4},"end":{"line":191,"column":76}},{"start":{},"end":{}}],"line":191},"8":{"loc":{"start":{"line":194,"column":4},"end":{"line":194,"column":39}},"type":"if","locations":[{"start":{"line":194,"column":4},"end":{"line":194,"column":39}},{"start":{},"end":{}}],"line":194},"9":{"loc":{"start":{"line":212,"column":36},"end":{"line":212,"column":80}},"type":"binary-expr","locations":[{"start":{"line":212,"column":36},"end":{"line":212,"column":47}},{"start":{"line":212,"column":51},"end":{"line":212,"column":80}}],"line":212},"10":{"loc":{"start":{"line":224,"column":4},"end":{"line":224,"column":80}},"type":"if","locations":[{"start":{"line":224,"column":4},"end":{"line":224,"column":80}},{"start":{},"end":{}}],"line":224},"11":{"loc":{"start":{"line":225,"column":4},"end":{"line":225,"column":96}},"type":"if","locations":[{"start":{"line":225,"column":4},"end":{"line":225,"column":96}},{"start":{},"end":{}}],"line":225},"12":{"loc":{"start":{"line":228,"column":4},"end":{"line":228,"column":87}},"type":"if","locations":[{"start":{"line":228,"column":4},"end":{"line":228,"column":87}},{"start":{},"end":{}}],"line":228},"13":{"loc":{"start":{"line":238,"column":36},"end":{"line":238,"column":82}},"type":"binary-expr","locations":[{"start":{"line":238,"column":36},"end":{"line":238,"column":47}},{"start":{"line":238,"column":51},"end":{"line":238,"column":82}}],"line":238},"14":{"loc":{"start":{"line":249,"column":12},"end":{"line":249,"column":23}},"type":"default-arg","locations":[{"start":{"line":249,"column":21},"end":{"line":249,"column":23}}],"line":249},"15":{"loc":{"start":{"line":252,"column":4},"end":{"line":252,"column":80}},"type":"if","locations":[{"start":{"line":252,"column":4},"end":{"line":252,"column":80}},{"start":{},"end":{}}],"line":252},"16":{"loc":{"start":{"line":253,"column":4},"end":{"line":253,"column":96}},"type":"if","locations":[{"start":{"line":253,"column":4},"end":{"line":253,"column":96}},{"start":{},"end":{}}],"line":253},"17":{"loc":{"start":{"line":264,"column":36},"end":{"line":264,"column":81}},"type":"binary-expr","locations":[{"start":{"line":264,"column":36},"end":{"line":264,"column":47}},{"start":{"line":264,"column":51},"end":{"line":264,"column":81}}],"line":264},"18":{"loc":{"start":{"line":274,"column":4},"end":{"line":274,"column":83}},"type":"if","locations":[{"start":{"line":274,"column":4},"end":{"line":274,"column":83}},{"start":{},"end":{}}],"line":274},"19":{"loc":{"start":{"line":285,"column":36},"end":{"line":285,"column":85}},"type":"binary-expr","locations":[{"start":{"line":285,"column":36},"end":{"line":285,"column":47}},{"start":{"line":285,"column":51},"end":{"line":285,"column":85}}],"line":285},"20":{"loc":{"start":{"line":300,"column":4},"end":{"line":302,"column":5}},"type":"if","locations":[{"start":{"line":300,"column":4},"end":{"line":302,"column":5}},{"start":{},"end":{}}],"line":300},"21":{"loc":{"start":{"line":305,"column":4},"end":{"line":309,"column":5}},"type":"if","locations":[{"start":{"line":305,"column":4},"end":{"line":309,"column":5}},{"start":{},"end":{}}],"line":305},"22":{"loc":{"start":{"line":318,"column":23},"end":{"line":318,"column":68}},"type":"binary-expr","locations":[{"start":{"line":318,"column":23},"end":{"line":318,"column":34}},{"start":{"line":318,"column":38},"end":{"line":318,"column":68}}],"line":318}},"s":{"0":5,"1":0,"2":0,"3":0,"4":0,"5":0,"6":0,"7":0,"8":0,"9":0,"10":0,"11":0,"12":0,"13":0,"14":0,"15":0,"16":0,"17":0,"18":0,"19":5,"20":0,"21":0,"22":0,"23":0,"24":0,"25":0,"26":0,"27":0,"28":0,"29":0,"30":0,"31":0,"32":0,"33":0,"34":0,"35":0,"36":0,"37":5,"38":4,"39":4,"40":4,"41":3,"42":1,"43":2,"44":0,"45":2,"46":2,"47":1,"48":1,"49":1,"50":1,"51":1,"52":1,"53":1,"54":1,"55":5,"56":0,"57":0,"58":0,"59":0,"60":0,"61":0,"62":0,"63":0,"64":0,"65":0,"66":0,"67":0,"68":0,"69":0,"70":0,"71":0,"72":5,"73":3,"74":3,"75":1,"76":2,"77":1,"78":0,"79":1,"80":1,"81":5,"82":3,"83":3,"84":3,"85":2,"86":1,"87":1,"88":0,"89":1,"90":1,"91":1,"92":1},"f":{"0":0,"1":0,"2":0,"3":4,"4":0,"5":3,"6":0,"7":3},"b":{"0":[0],"1":[0,0],"2":[0,0],"3":[0,0],"4":[0,0],"5":[0,0],"6":[0,0],"7":[0,0],"8":[0,0],"9":[0,0],"10":[1,2],"11":[0,2],"12":[1,1],"13":[1,0],"14":[0],"15":[0,0],"16":[0,0],"17":[0,0],"18":[1,2],"19":[1,0],"20":[1,1],"21":[0,1],"22":[1,0]},"inputSourceMap":null,"_coverageSchema":"1a1c01bbd47fc00a2c39e90264f33305004495a9","hash":"903fc9bdcfd14ea90207b7ad7fc2f9ede51064f6"}
,"C:\\sem5\\OnlyHands_US_withUI\\OnlyHands_US_withUI\\server\\src\\controllers\\auth.controller.js": {"path":"C:\\sem5\\OnlyHands_US_withUI\\OnlyHands_US_withUI\\server\\src\\controllers\\auth.controller.js","statementMap":{"0":{"start":{"line":4,"column":18},"end":{"line":5,"column":118}},"1":{"start":{"line":5,"column":2},"end":{"line":5,"column":118}},"2":{"start":{"line":7,"column":21},"end":{"line":32,"column":1}},"3":{"start":{"line":8,"column":2},"end":{"line":31,"column":3}},"4":{"start":{"line":9,"column":32},"end":{"line":9,"column":40}},"5":{"start":{"line":10,"column":4},"end":{"line":10,"column":99}},"6":{"start":{"line":10,"column":29},"end":{"line":10,"column":99}},"7":{"start":{"line":12,"column":17},"end":{"line":12,"column":46}},"8":{"start":{"line":13,"column":4},"end":{"line":15,"column":5}},"9":{"start":{"line":14,"column":6},"end":{"line":14,"column":70}},"10":{"start":{"line":17,"column":18},"end":{"line":17,"column":33}},"11":{"start":{"line":18,"column":4},"end":{"line":23,"column":7}},"12":{"start":{"line":25,"column":4},"end":{"line":27,"column":7}},"13":{"start":{"line":29,"column":4},"end":{"line":29,"column":21}},"14":{"start":{"line":30,"column":4},"end":{"line":30,"column":54}},"15":{"start":{"line":34,"column":18},"end":{"line":38,"column":1}},"16":{"start":{"line":35,"column":15},"end":{"line":35,"column":72}},"17":{"start":{"line":36,"column":2},"end":{"line":36,"column":67}},"18":{"start":{"line":36,"column":13},"end":{"line":36,"column":67}},"19":{"start":{"line":37,"column":2},"end":{"line":37,"column":21}},"20":{"start":{"line":40,"column":22},"end":{"line":43,"column":1}},"21":{"start":{"line":41,"column":2},"end":{"line":41,"column":79}},"22":{"start":{"line":42,"column":2},"end":{"line":42,"column":25}}},"fnMap":{"0":{"name":"(anonymous_0)","decl":{"start":{"line":4,"column":18},"end":{"line":4,"column":19}},"loc":{"start":{"line":5,"column":2},"end":{"line":5,"column":118}},"line":5},"1":{"name":"(anonymous_1)","decl":{"start":{"line":7,"column":21},"end":{"line":7,"column":22}},"loc":{"start":{"line":7,"column":41},"end":{"line":32,"column":1}},"line":7},"2":{"name":"(anonymous_2)","decl":{"start":{"line":34,"column":18},"end":{"line":34,"column":19}},"loc":{"start":{"line":34,"column":38},"end":{"line":38,"column":1}},"line":34},"3":{"name":"(anonymous_3)","decl":{"start":{"line":40,"column":22},"end":{"line":40,"column":23}},"loc":{"start":{"line":40,"column":43},"end":{"line":43,"column":1}},"line":40}},"branchMap":{"0":{"loc":{"start":{"line":5,"column":84},"end":{"line":5,"column":115}},"type":"binary-expr","locations":[{"start":{"line":5,"column":84},"end":{"line":5,"column":107}},{"start":{"line":5,"column":111},"end":{"line":5,"column":115}}],"line":5},"1":{"loc":{"start":{"line":10,"column":4},"end":{"line":10,"column":99}},"type":"if","locations":[{"start":{"line":10,"column":4},"end":{"line":10,"column":99}},{"start":{},"end":{}}],"line":10},"2":{"loc":{"start":{"line":10,"column":8},"end":{"line":10,"column":27}},"type":"binary-expr","locations":[{"start":{"line":10,"column":8},"end":{"line":10,"column":14}},{"start":{"line":10,"column":18},"end":{"line":10,"column":27}}],"line":10},"3":{"loc":{"start":{"line":13,"column":4},"end":{"line":15,"column":5}},"type":"if","locations":[{"start":{"line":13,"column":4},"end":{"line":15,"column":5}},{"start":{},"end":{}}],"line":13},"4":{"loc":{"start":{"line":13,"column":8},"end":{"line":13,"column":56}},"type":"binary-expr","locations":[{"start":{"line":13,"column":8},"end":{"line":13,"column":13}},{"start":{"line":13,"column":17},"end":{"line":13,"column":56}}],"line":13},"5":{"loc":{"start":{"line":36,"column":2},"end":{"line":36,"column":67}},"type":"if","locations":[{"start":{"line":36,"column":2},"end":{"line":36,"column":67}},{"start":{},"end":{}}],"line":36}},"s":{"0":4,"1":1,"2":4,"3":3,"4":3,"5":3,"6":1,"7":2,"8":2,"9":1,"10":1,"11":1,"12":1,"13":0,"14":0,"15":4,"16":1,"17":1,"18":1,"19":0,"20":4,"21":1,"22":1},"f":{"0":1,"1":3,"2":1,"3":1},"b":{"0":[1,1],"1":[1,2],"2":[3,2],"3":[1,1],"4":[2,1],"5":[1,0]},"inputSourceMap":null,"_coverageSchema":"1a1c01bbd47fc00a2c39e90264f33305004495a9","hash":"0c4c9fb225699dffa30ebbc1bb9d8bda0bc19671"}
,"C:\\sem5\\OnlyHands_US_withUI\\OnlyHands_US_withUI\\server\\src\\controllers\\shift.controller.js": {"path":"C:\\sem5\\OnlyHands_US_withUI\\OnlyHands_US_withUI\\server\\src\\controllers\\shift.controller.js","statementMap":{"0":{"start":{"line":4,"column":15},"end":{"line":4,"column":46}},"1":{"start":{"line":4,"column":22},"end":{"line":4,"column":46}},"2":{"start":{"line":9,"column":27},"end":{"line":63,"column":1}},"3":{"start":{"line":10,"column":2},"end":{"line":62,"column":3}},"4":{"start":{"line":11,"column":4},"end":{"line":13,"column":5}},"5":{"start":{"line":12,"column":6},"end":{"line":12,"column":60}},"6":{"start":{"line":26,"column":8},"end":{"line":26,"column":16}},"7":{"start":{"line":28,"column":20},"end":{"line":30,"column":68}},"8":{"start":{"line":32,"column":18},"end":{"line":34,"column":66}},"9":{"start":{"line":36,"column":4},"end":{"line":36,"column":86}},"10":{"start":{"line":36,"column":24},"end":{"line":36,"column":86}},"11":{"start":{"line":37,"column":4},"end":{"line":37,"column":84}},"12":{"start":{"line":37,"column":23},"end":{"line":37,"column":84}},"13":{"start":{"line":38,"column":4},"end":{"line":38,"column":97}},"14":{"start":{"line":38,"column":31},"end":{"line":38,"column":97}},"15":{"start":{"line":39,"column":4},"end":{"line":39,"column":97}},"16":{"start":{"line":39,"column":31},"end":{"line":39,"column":97}},"17":{"start":{"line":41,"column":4},"end":{"line":43,"column":5}},"18":{"start":{"line":42,"column":6},"end":{"line":42,"column":77}},"19":{"start":{"line":45,"column":4},"end":{"line":45,"column":97}},"20":{"start":{"line":45,"column":25},"end":{"line":45,"column":97}},"21":{"start":{"line":46,"column":4},"end":{"line":46,"column":94}},"22":{"start":{"line":46,"column":26},"end":{"line":46,"column":94}},"23":{"start":{"line":48,"column":16},"end":{"line":57,"column":6}},"24":{"start":{"line":59,"column":4},"end":{"line":59,"column":30}},"25":{"start":{"line":61,"column":4},"end":{"line":61,"column":79}},"26":{"start":{"line":68,"column":28},"end":{"line":88,"column":1}},"27":{"start":{"line":69,"column":2},"end":{"line":87,"column":3}},"28":{"start":{"line":70,"column":4},"end":{"line":72,"column":5}},"29":{"start":{"line":71,"column":6},"end":{"line":71,"column":60}},"30":{"start":{"line":74,"column":19},"end":{"line":74,"column":29}},"31":{"start":{"line":76,"column":20},"end":{"line":80,"column":5}},"32":{"start":{"line":82,"column":4},"end":{"line":82,"column":78}},"33":{"start":{"line":82,"column":18},"end":{"line":82,"column":78}},"34":{"start":{"line":84,"column":4},"end":{"line":84,"column":22}},"35":{"start":{"line":86,"column":4},"end":{"line":86,"column":80}},"36":{"start":{"line":93,"column":26},"end":{"line":111,"column":1}},"37":{"start":{"line":94,"column":2},"end":{"line":110,"column":3}},"38":{"start":{"line":95,"column":26},"end":{"line":95,"column":35}},"39":{"start":{"line":97,"column":17},"end":{"line":97,"column":19}},"40":{"start":{"line":99,"column":4},"end":{"line":104,"column":5}},"41":{"start":{"line":100,"column":6},"end":{"line":100,"column":30}},"42":{"start":{"line":101,"column":6},"end":{"line":101,"column":43}},"43":{"start":{"line":102,"column":11},"end":{"line":104,"column":5}},"44":{"start":{"line":103,"column":6},"end":{"line":103,"column":46}},"45":{"start":{"line":106,"column":18},"end":{"line":106,"column":61}},"46":{"start":{"line":107,"column":4},"end":{"line":107,"column":20}},"47":{"start":{"line":109,"column":4},"end":{"line":109,"column":78}},"48":{"start":{"line":116,"column":29},"end":{"line":143,"column":1}},"49":{"start":{"line":117,"column":2},"end":{"line":142,"column":3}},"50":{"start":{"line":118,"column":4},"end":{"line":120,"column":5}},"51":{"start":{"line":119,"column":6},"end":{"line":119,"column":60}},"52":{"start":{"line":122,"column":19},"end":{"line":122,"column":29}},"53":{"start":{"line":124,"column":18},"end":{"line":124,"column":42}},"54":{"start":{"line":125,"column":4},"end":{"line":125,"column":76}},"55":{"start":{"line":125,"column":16},"end":{"line":125,"column":76}},"56":{"start":{"line":127,"column":4},"end":{"line":127,"column":31}},"57":{"start":{"line":128,"column":4},"end":{"line":128,"column":23}},"58":{"start":{"line":130,"column":4},"end":{"line":133,"column":6}},"59":{"start":{"line":135,"column":4},"end":{"line":138,"column":7}},"60":{"start":{"line":140,"column":4},"end":{"line":140,"column":47}},"61":{"start":{"line":141,"column":4},"end":{"line":141,"column":66}},"62":{"start":{"line":145,"column":35},"end":{"line":178,"column":1}},"63":{"start":{"line":146,"column":2},"end":{"line":177,"column":3}},"64":{"start":{"line":147,"column":4},"end":{"line":149,"column":5}},"65":{"start":{"line":148,"column":6},"end":{"line":148,"column":60}},"66":{"start":{"line":152,"column":19},"end":{"line":154,"column":13}},"67":{"start":{"line":157,"column":21},"end":{"line":157,"column":43}},"68":{"start":{"line":157,"column":37},"end":{"line":157,"column":42}},"69":{"start":{"line":159,"column":19},"end":{"line":162,"column":6}},"70":{"start":{"line":164,"column":21},"end":{"line":164,"column":23}},"71":{"start":{"line":165,"column":4},"end":{"line":165,"column":56}},"72":{"start":{"line":165,"column":26},"end":{"line":165,"column":52}},"73":{"start":{"line":168,"column":19},"end":{"line":171,"column":7}},"74":{"start":{"line":168,"column":36},"end":{"line":171,"column":5}},"75":{"start":{"line":173,"column":4},"end":{"line":173,"column":21}},"76":{"start":{"line":176,"column":4},"end":{"line":176,"column":79}},"77":{"start":{"line":181,"column":37},"end":{"line":228,"column":1}},"78":{"start":{"line":182,"column":2},"end":{"line":227,"column":3}},"79":{"start":{"line":183,"column":4},"end":{"line":185,"column":5}},"80":{"start":{"line":184,"column":6},"end":{"line":184,"column":60}},"81":{"start":{"line":187,"column":25},"end":{"line":187,"column":34}},"82":{"start":{"line":190,"column":19},"end":{"line":190,"column":42}},"83":{"start":{"line":193,"column":4},"end":{"line":197,"column":5}},"84":{"start":{"line":194,"column":6},"end":{"line":194,"column":22}},"85":{"start":{"line":195,"column":6},"end":{"line":195,"column":49}},"86":{"start":{"line":195,"column":16},"end":{"line":195,"column":49}},"87":{"start":{"line":196,"column":6},"end":{"line":196,"column":45}},"88":{"start":{"line":196,"column":14},"end":{"line":196,"column":45}},"89":{"start":{"line":200,"column":19},"end":{"line":200,"column":68}},"90":{"start":{"line":203,"column":21},"end":{"line":203,"column":43}},"91":{"start":{"line":203,"column":37},"end":{"line":203,"column":42}},"92":{"start":{"line":204,"column":19},"end":{"line":207,"column":6}},"93":{"start":{"line":209,"column":21},"end":{"line":209,"column":23}},"94":{"start":{"line":210,"column":4},"end":{"line":210,"column":66}},"95":{"start":{"line":210,"column":26},"end":{"line":210,"column":62}},"96":{"start":{"line":213,"column":20},"end":{"line":221,"column":7}},"97":{"start":{"line":213,"column":37},"end":{"line":221,"column":5}},"98":{"start":{"line":223,"column":4},"end":{"line":223,"column":22}},"99":{"start":{"line":225,"column":4},"end":{"line":225,"column":47}},"100":{"start":{"line":226,"column":4},"end":{"line":226,"column":86}}},"fnMap":{"0":{"name":"(anonymous_0)","decl":{"start":{"line":4,"column":15},"end":{"line":4,"column":16}},"loc":{"start":{"line":4,"column":22},"end":{"line":4,"column":46}},"line":4},"1":{"name":"(anonymous_1)","decl":{"start":{"line":9,"column":27},"end":{"line":9,"column":28}},"loc":{"start":{"line":9,"column":47},"end":{"line":63,"column":1}},"line":9},"2":{"name":"(anonymous_2)","decl":{"start":{"line":68,"column":28},"end":{"line":68,"column":29}},"loc":{"start":{"line":68,"column":48},"end":{"line":88,"column":1}},"line":68},"3":{"name":"(anonymous_3)","decl":{"start":{"line":93,"column":26},"end":{"line":93,"column":27}},"loc":{"start":{"line":93,"column":46},"end":{"line":111,"column":1}},"line":93},"4":{"name":"(anonymous_4)","decl":{"start":{"line":116,"column":29},"end":{"line":116,"column":30}},"loc":{"start":{"line":116,"column":49},"end":{"line":143,"column":1}},"line":116},"5":{"name":"(anonymous_5)","decl":{"start":{"line":145,"column":35},"end":{"line":145,"column":36}},"loc":{"start":{"line":145,"column":55},"end":{"line":178,"column":1}},"line":145},"6":{"name":"(anonymous_6)","decl":{"start":{"line":157,"column":32},"end":{"line":157,"column":33}},"loc":{"start":{"line":157,"column":37},"end":{"line":157,"column":42}},"line":157},"7":{"name":"(anonymous_7)","decl":{"start":{"line":165,"column":19},"end":{"line":165,"column":20}},"loc":{"start":{"line":165,"column":24},"end":{"line":165,"column":54}},"line":165},"8":{"name":"(anonymous_8)","decl":{"start":{"line":168,"column":30},"end":{"line":168,"column":31}},"loc":{"start":{"line":168,"column":36},"end":{"line":171,"column":5}},"line":168},"9":{"name":"(anonymous_9)","decl":{"start":{"line":181,"column":37},"end":{"line":181,"column":38}},"loc":{"start":{"line":181,"column":57},"end":{"line":228,"column":1}},"line":181},"10":{"name":"(anonymous_10)","decl":{"start":{"line":203,"column":32},"end":{"line":203,"column":33}},"loc":{"start":{"line":203,"column":37},"end":{"line":203,"column":42}},"line":203},"11":{"name":"(anonymous_11)","decl":{"start":{"line":210,"column":19},"end":{"line":210,"column":20}},"loc":{"start":{"line":210,"column":24},"end":{"line":210,"column":64}},"line":210},"12":{"name":"(anonymous_12)","decl":{"start":{"line":213,"column":31},"end":{"line":213,"column":32}},"loc":{"start":{"line":213,"column":37},"end":{"line":221,"column":5}},"line":213}},"branchMap":{"0":{"loc":{"start":{"line":11,"column":4},"end":{"line":13,"column":5}},"type":"if","locations":[{"start":{"line":11,"column":4},"end":{"line":13,"column":5}},{"start":{},"end":{}}],"line":11},"1":{"loc":{"start":{"line":25,"column":6},"end":{"line":25,"column":23}},"type":"default-arg","locations":[{"start":{"line":25,"column":18},"end":{"line":25,"column":23}}],"line":25},"2":{"loc":{"start":{"line":28,"column":20},"end":{"line":30,"column":68}},"type":"cond-expr","locations":[{"start":{"line":29,"column":8},"end":{"line":29,"column":23}},{"start":{"line":30,"column":8},"end":{"line":30,"column":68}}],"line":28},"3":{"loc":{"start":{"line":30,"column":29},"end":{"line":30,"column":44}},"type":"binary-expr","locations":[{"start":{"line":30,"column":29},"end":{"line":30,"column":38}},{"start":{"line":30,"column":42},"end":{"line":30,"column":44}}],"line":30},"4":{"loc":{"start":{"line":32,"column":18},"end":{"line":34,"column":66}},"type":"cond-expr","locations":[{"start":{"line":33,"column":8},"end":{"line":33,"column":21}},{"start":{"line":34,"column":8},"end":{"line":34,"column":66}}],"line":32},"5":{"loc":{"start":{"line":34,"column":29},"end":{"line":34,"column":42}},"type":"binary-expr","locations":[{"start":{"line":34,"column":29},"end":{"line":34,"column":36}},{"start":{"line":34,"column":40},"end":{"line":34,"column":42}}],"line":34},"6":{"loc":{"start":{"line":36,"column":4},"end":{"line":36,"column":86}},"type":"if","locations":[{"start":{"line":36,"column":4},"end":{"line":36,"column":86}},{"start":{},"end":{}}],"line":36},"7":{"loc":{"start":{"line":37,"column":4},"end":{"line":37,"column":84}},"type":"if","locations":[{"start":{"line":37,"column":4},"end":{"line":37,"column":84}},{"start":{},"end":{}}],"line":37},"8":{"loc":{"start":{"line":38,"column":4},"end":{"line":38,"column":97}},"type":"if","locations":[{"start":{"line":38,"column":4},"end":{"line":38,"column":97}},{"start":{},"end":{}}],"line":38},"9":{"loc":{"start":{"line":39,"column":4},"end":{"line":39,"column":97}},"type":"if","locations":[{"start":{"line":39,"column":4},"end":{"line":39,"column":97}},{"start":{},"end":{}}],"line":39},"10":{"loc":{"start":{"line":41,"column":4},"end":{"line":43,"column":5}},"type":"if","locations":[{"start":{"line":41,"column":4},"end":{"line":43,"column":5}},{"start":{},"end":{}}],"line":41},"11":{"loc":{"start":{"line":41,"column":8},"end":{"line":41,"column":72}},"type":"binary-expr","locations":[{"start":{"line":41,"column":8},"end":{"line":41,"column":39}},{"start":{"line":41,"column":43},"end":{"line":41,"column":72}}],"line":41},"12":{"loc":{"start":{"line":45,"column":4},"end":{"line":45,"column":97}},"type":"if","locations":[{"start":{"line":45,"column":4},"end":{"line":45,"column":97}},{"start":{},"end":{}}],"line":45},"13":{"loc":{"start":{"line":46,"column":4},"end":{"line":46,"column":94}},"type":"if","locations":[{"start":{"line":46,"column":4},"end":{"line":46,"column":94}},{"start":{},"end":{}}],"line":46},"14":{"loc":{"start":{"line":61,"column":36},"end":{"line":61,"column":75}},"type":"binary-expr","locations":[{"start":{"line":61,"column":36},"end":{"line":61,"column":47}},{"start":{"line":61,"column":51},"end":{"line":61,"column":75}}],"line":61},"15":{"loc":{"start":{"line":70,"column":4},"end":{"line":72,"column":5}},"type":"if","locations":[{"start":{"line":70,"column":4},"end":{"line":72,"column":5}},{"start":{},"end":{}}],"line":70},"16":{"loc":{"start":{"line":82,"column":4},"end":{"line":82,"column":78}},"type":"if","locations":[{"start":{"line":82,"column":4},"end":{"line":82,"column":78}},{"start":{},"end":{}}],"line":82},"17":{"loc":{"start":{"line":86,"column":36},"end":{"line":86,"column":76}},"type":"binary-expr","locations":[{"start":{"line":86,"column":36},"end":{"line":86,"column":47}},{"start":{"line":86,"column":51},"end":{"line":86,"column":76}}],"line":86},"18":{"loc":{"start":{"line":99,"column":4},"end":{"line":104,"column":5}},"type":"if","locations":[{"start":{"line":99,"column":4},"end":{"line":104,"column":5}},{"start":{"line":102,"column":11},"end":{"line":104,"column":5}}],"line":99},"19":{"loc":{"start":{"line":102,"column":11},"end":{"line":104,"column":5}},"type":"if","locations":[{"start":{"line":102,"column":11},"end":{"line":104,"column":5}},{"start":{},"end":{}}],"line":102},"20":{"loc":{"start":{"line":102,"column":15},"end":{"line":102,"column":60}},"type":"binary-expr","locations":[{"start":{"line":102,"column":15},"end":{"line":102,"column":35}},{"start":{"line":102,"column":39},"end":{"line":102,"column":60}}],"line":102},"21":{"loc":{"start":{"line":109,"column":36},"end":{"line":109,"column":74}},"type":"binary-expr","locations":[{"start":{"line":109,"column":36},"end":{"line":109,"column":47}},{"start":{"line":109,"column":51},"end":{"line":109,"column":74}}],"line":109},"22":{"loc":{"start":{"line":118,"column":4},"end":{"line":120,"column":5}},"type":"if","locations":[{"start":{"line":118,"column":4},"end":{"line":120,"column":5}},{"start":{},"end":{}}],"line":118},"23":{"loc":{"start":{"line":125,"column":4},"end":{"line":125,"column":76}},"type":"if","locations":[{"start":{"line":125,"column":4},"end":{"line":125,"column":76}},{"start":{},"end":{}}],"line":125},"24":{"loc":{"start":{"line":147,"column":4},"end":{"line":149,"column":5}},"type":"if","locations":[{"start":{"line":147,"column":4},"end":{"line":149,"column":5}},{"start":{},"end":{}}],"line":147},"25":{"loc":{"start":{"line":170,"column":22},"end":{"line":170,"column":42}},"type":"binary-expr","locations":[{"start":{"line":170,"column":22},"end":{"line":170,"column":37}},{"start":{"line":170,"column":41},"end":{"line":170,"column":42}}],"line":170},"26":{"loc":{"start":{"line":176,"column":36},"end":{"line":176,"column":75}},"type":"binary-expr","locations":[{"start":{"line":176,"column":36},"end":{"line":176,"column":47}},{"start":{"line":176,"column":51},"end":{"line":176,"column":75}}],"line":176},"27":{"loc":{"start":{"line":183,"column":4},"end":{"line":185,"column":5}},"type":"if","locations":[{"start":{"line":183,"column":4},"end":{"line":185,"column":5}},{"start":{},"end":{}}],"line":183},"28":{"loc":{"start":{"line":193,"column":4},"end":{"line":197,"column":5}},"type":"if","locations":[{"start":{"line":193,"column":4},"end":{"line":197,"column":5}},{"start":{},"end":{}}],"line":193},"29":{"loc":{"start":{"line":193,"column":8},"end":{"line":193,"column":18}},"type":"binary-expr","locations":[{"start":{"line":193,"column":8},"end":{"line":193,"column":12}},{"start":{"line":193,"column":16},"end":{"line":193,"column":18}}],"line":193},"30":{"loc":{"start":{"line":195,"column":6},"end":{"line":195,"column":49}},"type":"if","locations":[{"start":{"line":195,"column":6},"end":{"line":195,"column":49}},{"start":{},"end":{}}],"line":195},"31":{"loc":{"start":{"line":196,"column":6},"end":{"line":196,"column":45}},"type":"if","locations":[{"start":{"line":196,"column":6},"end":{"line":196,"column":45}},{"start":{},"end":{}}],"line":196},"32":{"loc":{"start":{"line":220,"column":23},"end":{"line":220,"column":43}},"type":"binary-expr","locations":[{"start":{"line":220,"column":23},"end":{"line":220,"column":38}},{"start":{"line":220,"column":42},"end":{"line":220,"column":43}}],"line":220},"33":{"loc":{"start":{"line":226,"column":36},"end":{"line":226,"column":82}},"type":"binary-expr","locations":[{"start":{"line":226,"column":36},"end":{"line":226,"column":47}},{"start":{"line":226,"column":51},"end":{"line":226,"column":82}}],"line":226}},"s":{"0":5,"1":1,"2":5,"3":2,"4":2,"5":1,"6":1,"7":1,"8":1,"9":1,"10":0,"11":1,"12":0,"13":1,"14":0,"15":1,"16":0,"17":1,"18":0,"19":1,"20":0,"21":1,"22":0,"23":1,"24":0,"25":1,"26":5,"27":2,"28":2,"29":0,"30":2,"31":2,"32":2,"33":1,"34":1,"35":0,"36":5,"37":3,"38":3,"39":3,"40":3,"41":1,"42":1,"43":2,"44":0,"45":3,"46":2,"47":1,"48":5,"49":2,"50":2,"51":1,"52":1,"53":1,"54":0,"55":0,"56":0,"57":0,"58":0,"59":0,"60":1,"61":1,"62":5,"63":2,"64":2,"65":1,"66":1,"67":1,"68":0,"69":1,"70":1,"71":1,"72":0,"73":1,"74":0,"75":1,"76":0,"77":5,"78":2,"79":2,"80":1,"81":1,"82":1,"83":1,"84":0,"85":0,"86":0,"87":0,"88":0,"89":1,"90":0,"91":0,"92":0,"93":0,"94":0,"95":0,"96":0,"97":0,"98":0,"99":1,"100":1},"f":{"0":1,"1":2,"2":2,"3":3,"4":2,"5":2,"6":0,"7":0,"8":0,"9":2,"10":0,"11":0,"12":0},"b":{"0":[1,1],"1":[1],"2":[0,1],"3":[1,0],"4":[0,1],"5":[1,0],"6":[0,1],"7":[0,1],"8":[0,1],"9":[0,1],"10":[0,1],"11":[1,1],"12":[0,1],"13":[0,1],"14":[1,0],"15":[0,2],"16":[1,1],"17":[0,0],"18":[1,2],"19":[0,2],"20":[2,2],"21":[1,0],"22":[1,1],"23":[0,0],"24":[1,1],"25":[0,0],"26":[0,0],"27":[1,1],"28":[0,1],"29":[1,1],"30":[0,0],"31":[0,0],"32":[0,0],"33":[1,0]},"inputSourceMap":null,"_coverageSchema":"1a1c01bbd47fc00a2c39e90264f33305004495a9","hash":"64efc08571197cd7c39ed99b6a50fc6ba32b03ee"}
,"C:\\sem5\\OnlyHands_US_withUI\\OnlyHands_US_withUI\\server\\src\\middleware\\auth.js": {"path":"C:\\sem5\\OnlyHands_US_withUI\\OnlyHands_US_withUI\\server\\src\\middleware\\auth.js","statementMap":{"0":{"start":{"line":3,"column":27},"end":{"line":14,"column":1}},"1":{"start":{"line":4,"column":16},"end":{"line":4,"column":34}},"2":{"start":{"line":5,"column":2},"end":{"line":5,"column":71}},"3":{"start":{"line":5,"column":14},"end":{"line":5,"column":71}},"4":{"start":{"line":6,"column":2},"end":{"line":13,"column":3}},"5":{"start":{"line":7,"column":20},"end":{"line":7,"column":61}},"6":{"start":{"line":8,"column":4},"end":{"line":8,"column":29}},"7":{"start":{"line":9,"column":4},"end":{"line":9,"column":32}},"8":{"start":{"line":10,"column":4},"end":{"line":10,"column":11}},"9":{"start":{"line":12,"column":4},"end":{"line":12,"column":62}}},"fnMap":{"0":{"name":"(anonymous_0)","decl":{"start":{"line":3,"column":27},"end":{"line":3,"column":28}},"loc":{"start":{"line":3,"column":47},"end":{"line":14,"column":1}},"line":3}},"branchMap":{"0":{"loc":{"start":{"line":5,"column":2},"end":{"line":5,"column":71}},"type":"if","locations":[{"start":{"line":5,"column":2},"end":{"line":5,"column":71}},{"start":{},"end":{}}],"line":5}},"s":{"0":4,"1":6,"2":6,"3":4,"4":2,"5":2,"6":1,"7":1,"8":1,"9":1},"f":{"0":6},"b":{"0":[4,2]},"inputSourceMap":null,"_coverageSchema":"1a1c01bbd47fc00a2c39e90264f33305004495a9","hash":"7acfa3ae67cb9c5020717cc0d30326c4b209a0be"}
,"C:\\sem5\\OnlyHands_US_withUI\\OnlyHands_US_withUI\\server\\src\\models\\Application.js": {"path":"C:\\sem5\\OnlyHands_US_withUI\\OnlyHands_US_withUI\\server\\src\\models\\Application.js","statementMap":{"0":{"start":{"line":4,"column":26},"end":{"line":18,"column":1}},"1":{"start":{"line":21,"column":0},"end":{"line":21,"column":69}}},"fnMap":{},"branchMap":{},"s":{"0":3,"1":3},"f":{},"b":{},"inputSourceMap":null,"_coverageSchema":"1a1c01bbd47fc00a2c39e90264f33305004495a9","hash":"7d44b53ccc318222f7e08c5e66a3b8b72fb11aff"}
,"C:\\sem5\\OnlyHands_US_withUI\\OnlyHands_US_withUI\\server\\src\\models\\Shift.js": {"path":"C:\\sem5\\OnlyHands_US_withUI\\OnlyHands_US_withUI\\server\\src\\models\\Shift.js","statementMap":{"0":{"start":{"line":4,"column":20},"end":{"line":25,"column":1}},"1":{"start":{"line":29,"column":0},"end":{"line":34,"column":3}},"2":{"start":{"line":30,"column":2},"end":{"line":32,"column":3}},"3":{"start":{"line":31,"column":4},"end":{"line":31,"column":64}},"4":{"start":{"line":33,"column":2},"end":{"line":33,"column":9}},"5":{"start":{"line":36,"column":0},"end":{"line":36,"column":46}}},"fnMap":{"0":{"name":"(anonymous_0)","decl":{"start":{"line":29,"column":28},"end":{"line":29,"column":29}},"loc":{"start":{"line":29,"column":44},"end":{"line":34,"column":1}},"line":29}},"branchMap":{"0":{"loc":{"start":{"line":30,"column":2},"end":{"line":32,"column":3}},"type":"if","locations":[{"start":{"line":30,"column":2},"end":{"line":32,"column":3}},{"start":{},"end":{}}],"line":30},"1":{"loc":{"start":{"line":30,"column":6},"end":{"line":30,"column":54}},"type":"binary-expr","locations":[{"start":{"line":30,"column":6},"end":{"line":30,"column":16}},{"start":{"line":30,"column":20},"end":{"line":30,"column":28}},{"start":{"line":30,"column":32},"end":{"line":30,"column":54}}],"line":30}},"s":{"0":3,"1":3,"2":0,"3":0,"4":0,"5":3},"f":{"0":0},"b":{"0":[0,0],"1":[0,0,0]},"inputSourceMap":null,"_coverageSchema":"1a1c01bbd47fc00a2c39e90264f33305004495a9","hash":"c82ecd9c886f4cf55859cbdb01d9e3d91f6e268b"}
,"C:\\sem5\\OnlyHands_US_withUI\\OnlyHands_US_withUI\\server\\src\\models\\User.js": {"path":"C:\\sem5\\OnlyHands_US_withUI\\OnlyHands_US_withUI\\server\\src\\models\\User.js","statementMap":{"0":{"start":{"line":4,"column":19},"end":{"line":9,"column":24}},"1":{"start":{"line":11,"column":0},"end":{"line":16,"column":3}},"2":{"start":{"line":12,"column":2},"end":{"line":12,"column":50}},"3":{"start":{"line":12,"column":36},"end":{"line":12,"column":50}},"4":{"start":{"line":13,"column":15},"end":{"line":13,"column":39}},"5":{"start":{"line":14,"column":2},"end":{"line":14,"column":57}},"6":{"start":{"line":15,"column":2},"end":{"line":15,"column":9}},"7":{"start":{"line":18,"column":0},"end":{"line":20,"column":2}},"8":{"start":{"line":19,"column":2},"end":{"line":19,"column":50}}},"fnMap":{"0":{"name":"(anonymous_0)","decl":{"start":{"line":11,"column":23},"end":{"line":11,"column":24}},"loc":{"start":{"line":11,"column":45},"end":{"line":16,"column":1}},"line":11},"1":{"name":"(anonymous_1)","decl":{"start":{"line":18,"column":37},"end":{"line":18,"column":38}},"loc":{"start":{"line":18,"column":58},"end":{"line":20,"column":1}},"line":18}},"branchMap":{"0":{"loc":{"start":{"line":12,"column":2},"end":{"line":12,"column":50}},"type":"if","locations":[{"start":{"line":12,"column":2},"end":{"line":12,"column":50}},{"start":{},"end":{}}],"line":12}},"s":{"0":5,"1":5,"2":0,"3":0,"4":0,"5":0,"6":0,"7":5,"8":0},"f":{"0":0,"1":0},"b":{"0":[0,0]},"inputSourceMap":null,"_coverageSchema":"1a1c01bbd47fc00a2c39e90264f33305004495a9","hash":"b0def26689efc2a270cc880ba1a1c8204c1a3eb4"}
,"C:\\sem5\\OnlyHands_US_withUI\\OnlyHands_US_withUI\\server\\src\\routes\\application.routes.js": {"path":"C:\\sem5\\OnlyHands_US_withUI\\OnlyHands_US_withUI\\server\\src\\routes\\application.routes.js","statementMap":{"0":{"start":{"line":18,"column":15},"end":{"line":18,"column":23}},"1":{"start":{"line":22,"column":0},"end":{"line":22,"column":59}},"2":{"start":{"line":25,"column":23},"end":{"line":29,"column":1}},"3":{"start":{"line":26,"column":2},"end":{"line":27,"column":58}},"4":{"start":{"line":27,"column":4},"end":{"line":27,"column":58}},"5":{"start":{"line":28,"column":2},"end":{"line":28,"column":9}},"6":{"start":{"line":33,"column":0},"end":{"line":38,"column":2}},"7":{"start":{"line":47,"column":18},"end":{"line":47,"column":26}},"8":{"start":{"line":51,"column":0},"end":{"line":51,"column":54}},"9":{"start":{"line":55,"column":0},"end":{"line":55,"column":70}},"10":{"start":{"line":59,"column":0},"end":{"line":64,"column":2}},"11":{"start":{"line":68,"column":0},"end":{"line":73,"column":2}}},"fnMap":{"0":{"name":"(anonymous_0)","decl":{"start":{"line":25,"column":23},"end":{"line":25,"column":24}},"loc":{"start":{"line":25,"column":43},"end":{"line":29,"column":1}},"line":25}},"branchMap":{"0":{"loc":{"start":{"line":26,"column":2},"end":{"line":27,"column":58}},"type":"if","locations":[{"start":{"line":26,"column":2},"end":{"line":27,"column":58}},{"start":{},"end":{}}],"line":26}},"s":{"0":3,"1":3,"2":3,"3":0,"4":0,"5":0,"6":3,"7":3,"8":3,"9":3,"10":3,"11":3},"f":{"0":0},"b":{"0":[0,0]},"inputSourceMap":null,"_coverageSchema":"1a1c01bbd47fc00a2c39e90264f33305004495a9","hash":"f110c2ce69baf966d9469f6a1e28084dd488cecf"}
,"C:\\sem5\\OnlyHands_US_withUI\\OnlyHands_US_withUI\\server\\src\\routes\\auth.routes.js": {"path":"C:\\sem5\\OnlyHands_US_withUI\\OnlyHands_US_withUI\\server\\src\\routes\\auth.routes.js","statementMap":{"0":{"start":{"line":35,"column":15},"end":{"line":35,"column":23}},"1":{"start":{"line":37,"column":0},"end":{"line":37,"column":29}},"2":{"start":{"line":38,"column":0},"end":{"line":38,"column":35}},"3":{"start":{"line":39,"column":0},"end":{"line":39,"column":31}},"4":{"start":{"line":43,"column":2},"end":{"line":55,"column":3}},"5":{"start":{"line":44,"column":4},"end":{"line":44,"column":30}},"6":{"start":{"line":45,"column":18},"end":{"line":50,"column":6}},"7":{"start":{"line":51,"column":4},"end":{"line":51,"column":76}},"8":{"start":{"line":51,"column":38},"end":{"line":51,"column":70}},"9":{"start":{"line":53,"column":4},"end":{"line":53,"column":37}},"10":{"start":{"line":54,"column":4},"end":{"line":54,"column":53}},"11":{"start":{"line":57,"column":0},"end":{"line":57,"column":28}},"12":{"start":{"line":58,"column":0},"end":{"line":58,"column":29}}},"fnMap":{"0":{"name":"doSeed","decl":{"start":{"line":42,"column":15},"end":{"line":42,"column":21}},"loc":{"start":{"line":42,"column":33},"end":{"line":56,"column":1}},"line":42},"1":{"name":"(anonymous_1)","decl":{"start":{"line":51,"column":32},"end":{"line":51,"column":33}},"loc":{"start":{"line":51,"column":38},"end":{"line":51,"column":70}},"line":51}},"branchMap":{},"s":{"0":3,"1":3,"2":3,"3":3,"4":0,"5":0,"6":0,"7":0,"8":0,"9":0,"10":0,"11":3,"12":3},"f":{"0":0,"1":0},"b":{},"inputSourceMap":null,"_coverageSchema":"1a1c01bbd47fc00a2c39e90264f33305004495a9","hash":"4d801eeac70623d4ca26de04d8147fea0247e158"}
,"C:\\sem5\\OnlyHands_US_withUI\\OnlyHands_US_withUI\\server\\src\\routes\\shift.routes.js": {"path":"C:\\sem5\\OnlyHands_US_withUI\\OnlyHands_US_withUI\\server\\src\\routes\\shift.routes.js","statementMap":{"0":{"start":{"line":13,"column":15},"end":{"line":13,"column":23}},"1":{"start":{"line":16,"column":23},"end":{"line":21,"column":1}},"2":{"start":{"line":17,"column":2},"end":{"line":19,"column":3}},"3":{"start":{"line":18,"column":4},"end":{"line":18,"column":58}},"4":{"start":{"line":20,"column":2},"end":{"line":20,"column":9}},"5":{"start":{"line":24,"column":0},"end":{"line":24,"column":41}},"6":{"start":{"line":27,"column":0},"end":{"line":27,"column":59}},"7":{"start":{"line":30,"column":0},"end":{"line":30,"column":72}},"8":{"start":{"line":33,"column":0},"end":{"line":33,"column":77}},"9":{"start":{"line":36,"column":0},"end":{"line":36,"column":74}},"10":{"start":{"line":38,"column":0},"end":{"line":38,"column":75}}},"fnMap":{"0":{"name":"(anonymous_0)","decl":{"start":{"line":16,"column":23},"end":{"line":16,"column":24}},"loc":{"start":{"line":16,"column":43},"end":{"line":21,"column":1}},"line":16}},"branchMap":{"0":{"loc":{"start":{"line":17,"column":2},"end":{"line":19,"column":3}},"type":"if","locations":[{"start":{"line":17,"column":2},"end":{"line":19,"column":3}},{"start":{},"end":{}}],"line":17}},"s":{"0":3,"1":3,"2":0,"3":0,"4":0,"5":3,"6":3,"7":3,"8":3,"9":3,"10":3},"f":{"0":0},"b":{"0":[0,0]},"inputSourceMap":null,"_coverageSchema":"1a1c01bbd47fc00a2c39e90264f33305004495a9","hash":"1c39ff396ce2c9f58b573a0e4740b159c920593c"}
,"C:\\sem5\\OnlyHands_US_withUI\\OnlyHands_US_withUI\\server\\tests\\utils\\mockResponse.js": {"path":"C:\\sem5\\OnlyHands_US_withUI\\OnlyHands_US_withUI\\server\\tests\\utils\\mockResponse.js","statementMap":{"0":{"start":{"line":3,"column":29},"end":{"line":12,"column":1}},"1":{"start":{"line":4,"column":14},"end":{"line":4,"column":16}},"2":{"start":{"line":6,"column":2},"end":{"line":6,"column":46}},"3":{"start":{"line":7,"column":2},"end":{"line":7,"column":44}},"4":{"start":{"line":8,"column":2},"end":{"line":8,"column":46}},"5":{"start":{"line":9,"column":2},"end":{"line":9,"column":51}},"6":{"start":{"line":11,"column":2},"end":{"line":11,"column":13}}},"fnMap":{"0":{"name":"(anonymous_0)","decl":{"start":{"line":3,"column":29},"end":{"line":3,"column":30}},"loc":{"start":{"line":3,"column":35},"end":{"line":12,"column":1}},"line":3}},"branchMap":{},"s":{"0":6,"1":31,"2":31,"3":31,"4":31,"5":31,"6":31},"f":{"0":31},"b":{},"inputSourceMap":null,"_coverageSchema":"1a1c01bbd47fc00a2c39e90264f33305004495a9","hash":"4329a5b0f2f6fb0c9db6e9048205963d969b4748"}
}
