TN:
SF:src\controllers\application.controller.js
FN:144,(anonymous_0)
FN:182,(anonymous_1)
FN:203,(anonymous_2)
FN:220,(anonymous_3)
FN:246,(anonymous_4)
FN:272,(anonymous_5)
FN:282,(anonymous_6)
FN:290,(anonymous_7)
FNF:8
FNH:3
FNDA:0,(anonymous_0)
FNDA:0,(anonymous_1)
FNDA:0,(anonymous_2)
FNDA:4,(anonymous_3)
FNDA:0,(anonymous_4)
FNDA:3,(anonymous_5)
FNDA:0,(anonymous_6)
FNDA:3,(anonymous_7)
DA:144,5
DA:145,0
DA:146,0
DA:147,0
DA:150,0
DA:152,0
DA:154,0
DA:155,0
DA:156,0
DA:159,0
DA:160,0
DA:162,0
DA:170,0
DA:172,0
DA:173,0
DA:182,5
DA:183,0
DA:184,0
DA:185,0
DA:188,0
DA:190,0
DA:191,0
DA:193,0
DA:194,0
DA:197,0
DA:203,0
DA:209,0
DA:211,0
DA:212,0
DA:220,5
DA:221,4
DA:222,4
DA:223,4
DA:224,3
DA:225,2
DA:227,2
DA:228,2
DA:230,1
DA:231,1
DA:232,1
DA:233,1
DA:235,1
DA:237,1
DA:238,1
DA:246,5
DA:247,0
DA:248,0
DA:249,0
DA:251,0
DA:252,0
DA:253,0
DA:255,0
DA:256,0
DA:257,0
DA:258,0
DA:259,0
DA:261,0
DA:263,0
DA:264,0
DA:272,5
DA:273,3
DA:274,3
DA:276,2
DA:282,1
DA:284,1
DA:285,1
DA:290,5
DA:291,3
DA:292,3
DA:295,3
DA:300,2
DA:301,1
DA:305,1
DA:306,0
DA:311,1
DA:313,1
DA:315,1
DA:316,1
LF:78
LH:36
BRDA:147,0,0,0
BRDA:152,1,0,0
BRDA:152,1,1,0
BRDA:155,2,0,0
BRDA:155,2,1,0
BRDA:156,3,0,0
BRDA:156,3,1,0
BRDA:160,4,0,0
BRDA:160,4,1,0
BRDA:173,5,0,0
BRDA:173,5,1,0
BRDA:188,6,0,0
BRDA:188,6,1,0
BRDA:191,7,0,0
BRDA:191,7,1,0
BRDA:194,8,0,0
BRDA:194,8,1,0
BRDA:212,9,0,0
BRDA:212,9,1,0
BRDA:224,10,0,1
BRDA:224,10,1,2
BRDA:225,11,0,0
BRDA:225,11,1,2
BRDA:228,12,0,1
BRDA:228,12,1,1
BRDA:238,13,0,1
BRDA:238,13,1,0
BRDA:249,14,0,0
BRDA:252,15,0,0
BRDA:252,15,1,0
BRDA:253,16,0,0
BRDA:253,16,1,0
BRDA:264,17,0,0
BRDA:264,17,1,0
BRDA:274,18,0,1
BRDA:274,18,1,2
BRDA:285,19,0,1
BRDA:285,19,1,0
BRDA:300,20,0,1
BRDA:300,20,1,1
BRDA:305,21,0,0
BRDA:305,21,1,1
BRDA:318,22,0,1
BRDA:318,22,1,0
BRF:44
BRH:13
end_of_record
TN:
SF:src\controllers\auth.controller.js
FN:4,(anonymous_0)
FN:7,(anonymous_1)
FN:34,(anonymous_2)
FN:40,(anonymous_3)
FNF:4
FNH:4
FNDA:1,(anonymous_0)
FNDA:3,(anonymous_1)
FNDA:1,(anonymous_2)
FNDA:1,(anonymous_3)
DA:4,4
DA:5,1
DA:7,4
DA:8,3
DA:9,3
DA:10,3
DA:12,2
DA:13,2
DA:14,1
DA:17,1
DA:18,1
DA:25,1
DA:29,0
DA:30,0
DA:34,4
DA:35,1
DA:36,1
DA:37,0
DA:40,4
DA:41,1
DA:42,1
LF:21
LH:18
BRDA:5,0,0,1
BRDA:5,0,1,1
BRDA:10,1,0,1
BRDA:10,1,1,2
BRDA:10,2,0,3
BRDA:10,2,1,2
BRDA:13,3,0,1
BRDA:13,3,1,1
BRDA:13,4,0,2
BRDA:13,4,1,1
BRDA:36,5,0,1
BRDA:36,5,1,0
BRF:12
BRH:11
end_of_record
TN:
SF:src\controllers\shift.controller.js
FN:4,(anonymous_0)
FN:9,(anonymous_1)
FN:68,(anonymous_2)
FN:93,(anonymous_3)
FN:116,(anonymous_4)
FN:145,(anonymous_5)
FN:157,(anonymous_6)
FN:165,(anonymous_7)
FN:168,(anonymous_8)
FN:181,(anonymous_9)
FN:203,(anonymous_10)
FN:210,(anonymous_11)
FN:213,(anonymous_12)
FNF:13
FNH:7
FNDA:1,(anonymous_0)
FNDA:2,(anonymous_1)
FNDA:2,(anonymous_2)
FNDA:3,(anonymous_3)
FNDA:2,(anonymous_4)
FNDA:2,(anonymous_5)
FNDA:0,(anonymous_6)
FNDA:0,(anonymous_7)
FNDA:0,(anonymous_8)
FNDA:2,(anonymous_9)
FNDA:0,(anonymous_10)
FNDA:0,(anonymous_11)
FNDA:0,(anonymous_12)
DA:4,5
DA:9,5
DA:10,2
DA:11,2
DA:12,1
DA:26,1
DA:28,1
DA:32,1
DA:36,1
DA:37,1
DA:38,1
DA:39,1
DA:41,1
DA:42,0
DA:45,1
DA:46,1
DA:48,1
DA:59,0
DA:61,1
DA:68,5
DA:69,2
DA:70,2
DA:71,0
DA:74,2
DA:76,2
DA:82,2
DA:84,1
DA:86,0
DA:93,5
DA:94,3
DA:95,3
DA:97,3
DA:99,3
DA:100,1
DA:101,1
DA:102,2
DA:103,0
DA:106,3
DA:107,2
DA:109,1
DA:116,5
DA:117,2
DA:118,2
DA:119,1
DA:122,1
DA:124,1
DA:125,0
DA:127,0
DA:128,0
DA:130,0
DA:135,0
DA:140,1
DA:141,1
DA:145,5
DA:146,2
DA:147,2
DA:148,1
DA:152,1
DA:157,1
DA:159,1
DA:164,1
DA:165,1
DA:168,1
DA:173,1
DA:176,0
DA:181,5
DA:182,2
DA:183,2
DA:184,1
DA:187,1
DA:190,1
DA:193,1
DA:194,0
DA:195,0
DA:196,0
DA:200,1
DA:203,0
DA:204,0
DA:209,0
DA:210,0
DA:213,0
DA:223,0
DA:225,1
DA:226,1
LF:84
LH:64
BRDA:11,0,0,1
BRDA:11,0,1,1
BRDA:25,1,0,1
BRDA:28,2,0,0
BRDA:28,2,1,1
BRDA:30,3,0,1
BRDA:30,3,1,0
BRDA:32,4,0,0
BRDA:32,4,1,1
BRDA:34,5,0,1
BRDA:34,5,1,0
BRDA:36,6,0,0
BRDA:36,6,1,1
BRDA:37,7,0,0
BRDA:37,7,1,1
BRDA:38,8,0,0
BRDA:38,8,1,1
BRDA:39,9,0,0
BRDA:39,9,1,1
BRDA:41,10,0,0
BRDA:41,10,1,1
BRDA:41,11,0,1
BRDA:41,11,1,1
BRDA:45,12,0,0
BRDA:45,12,1,1
BRDA:46,13,0,0
BRDA:46,13,1,1
BRDA:61,14,0,1
BRDA:61,14,1,0
BRDA:70,15,0,0
BRDA:70,15,1,2
BRDA:82,16,0,1
BRDA:82,16,1,1
BRDA:86,17,0,0
BRDA:86,17,1,0
BRDA:99,18,0,1
BRDA:99,18,1,2
BRDA:102,19,0,0
BRDA:102,19,1,2
BRDA:102,20,0,2
BRDA:102,20,1,2
BRDA:109,21,0,1
BRDA:109,21,1,0
BRDA:118,22,0,1
BRDA:118,22,1,1
BRDA:125,23,0,0
BRDA:125,23,1,0
BRDA:147,24,0,1
BRDA:147,24,1,1
BRDA:170,25,0,0
BRDA:170,25,1,0
BRDA:176,26,0,0
BRDA:176,26,1,0
BRDA:183,27,0,1
BRDA:183,27,1,1
BRDA:193,28,0,0
BRDA:193,28,1,1
BRDA:193,29,0,1
BRDA:193,29,1,1
BRDA:195,30,0,0
BRDA:195,30,1,0
BRDA:196,31,0,0
BRDA:196,31,1,0
BRDA:220,32,0,0
BRDA:220,32,1,0
BRDA:226,33,0,1
BRDA:226,33,1,0
BRF:67
BRH:36
end_of_record
TN:
SF:src\middleware\auth.js
FN:3,(anonymous_0)
FNF:1
FNH:1
FNDA:6,(anonymous_0)
DA:3,4
DA:4,6
DA:5,6
DA:6,2
DA:7,2
DA:8,1
DA:9,1
DA:10,1
DA:12,1
LF:9
LH:9
BRDA:5,0,0,4
BRDA:5,0,1,2
BRF:2
BRH:2
end_of_record
TN:
SF:src\models\Application.js
FNF:0
FNH:0
DA:4,3
DA:21,3
LF:2
LH:2
BRF:0
BRH:0
end_of_record
TN:
SF:src\models\Shift.js
FN:29,(anonymous_0)
FNF:1
FNH:0
FNDA:0,(anonymous_0)
DA:4,3
DA:29,3
DA:30,0
DA:31,0
DA:33,0
DA:36,3
LF:6
LH:3
BRDA:30,0,0,0
BRDA:30,0,1,0
BRDA:30,1,0,0
BRDA:30,1,1,0
BRDA:30,1,2,0
BRF:5
BRH:0
end_of_record
TN:
SF:src\models\User.js
FN:11,(anonymous_0)
FN:18,(anonymous_1)
FNF:2
FNH:0
FNDA:0,(anonymous_0)
FNDA:0,(anonymous_1)
DA:4,5
DA:11,5
DA:12,0
DA:13,0
DA:14,0
DA:15,0
DA:18,5
DA:19,0
LF:8
LH:3
BRDA:12,0,0,0
BRDA:12,0,1,0
BRF:2
BRH:0
end_of_record
TN:
SF:src\routes\application.routes.js
FN:25,(anonymous_0)
FNF:1
FNH:0
FNDA:0,(anonymous_0)
DA:18,3
DA:22,3
DA:25,3
DA:26,0
DA:27,0
DA:28,0
DA:33,3
DA:47,3
DA:51,3
DA:55,3
DA:59,3
DA:68,3
LF:12
LH:9
BRDA:26,0,0,0
BRDA:26,0,1,0
BRF:2
BRH:0
end_of_record
TN:
SF:src\routes\auth.routes.js
FN:42,doSeed
FN:51,(anonymous_1)
FNF:2
FNH:0
FNDA:0,doSeed
FNDA:0,(anonymous_1)
DA:35,3
DA:37,3
DA:38,3
DA:39,3
DA:43,0
DA:44,0
DA:45,0
DA:51,0
DA:53,0
DA:54,0
DA:57,3
DA:58,3
LF:12
LH:6
BRF:0
BRH:0
end_of_record
TN:
SF:src\routes\shift.routes.js
FN:16,(anonymous_0)
FNF:1
FNH:0
FNDA:0,(anonymous_0)
DA:13,3
DA:16,3
DA:17,0
DA:18,0
DA:20,0
DA:24,3
DA:27,3
DA:30,3
DA:33,3
DA:36,3
DA:38,3
LF:11
LH:8
BRDA:17,0,0,0
BRDA:17,0,1,0
BRF:2
BRH:0
end_of_record
